C:\USERS\HANNIE\DOCUMENTS\VISUAL STUDIO 2012\PROJECT1\CONSOLEAPPLICATION2\CONSOLEAPPLICATION2\DEBUG\CONSOLEAPPLICATION2.PCH
C:\USERS\HANNIE\DOCUMENTS\VISUAL STUDIO 2012\PROJECT1\CONSOLEAPPLICATION2\CONSOLEAPPLICATION2\DEBUG\STDAFX.OBJ
C:\USERS\HANNIE\DOCUMENTS\VISUAL STUDIO 2012\PROJECT1\CONSOLEAPPLICATION2\CONSOLEAPPLICATION2\DEBUG\VC110.PDB
C:\USERS\HANNIE\DOCUMENTS\VISUAL STUDIO 2012\PROJECT1\CONSOLEAPPLICATION2\CONSOLEAPPLICATION2\DEBUG\BESSEL.OBJ
C:\USERS\HANNIE\DOCUMENTS\VISUAL STUDIO 2012\PROJECT1\CONSOLEAPPLICATION2\CONSOLEAPPLICATION2\DEBUG\BUFFERCNT.OBJ
C:\USERS\HANNIE\DOCUMENTS\VISUAL STUDIO 2012\PROJECT1\CONSOLEAPPLICATION2\CONSOLEAPPLICATION2\DEBUG\CONSOLEAPPLICATION2.OBJ
C:\USERS\HANNIE\DOCUMENTS\VISUAL STUDIO 2012\PROJECT1\CONSOLEAPPLICATION2\CONSOLEAPPLICATION2\DEBUG\SPENHBUFF.OBJ
C:\USERS\HANNIE\DOCUMENTS\VISUAL STUDIO 2012\PROJECT1\CONSOLEAPPLICATION2\CONSOLEAPPLICATION2\DEBUG\DLLMAIN.OBJ
C:\Users\hannie\Documents\visual studio 2012\Project1\ConsoleApplication2\Debug\ConsoleApplication2.lib
C:\Users\hannie\Documents\visual studio 2012\Project1\ConsoleApplication2\Debug\ConsoleApplication2.exp
C:\USERS\HANNIE\DOCUMENTS\VISUAL STUDIO 2012\PROJECT1\CONSOLEAPPLICATION2\DEBUG\CONSOLEAPPLICATION2.ILK
C:\USERS\HANNIE\DOCUMENTS\VISUAL STUDIO 2012\PROJECT1\CONSOLEAPPLICATION2\DEBUG\CONSOLEAPPLICATION2.DLL
C:\USERS\HANNIE\DOCUMENTS\VISUAL STUDIO 2012\PROJECT1\CONSOLEAPPLICATION2\DEBUG\CONSOLEAPPLICATION2.PDB
C:\Users\hannie\Documents\visual studio 2012\Project1\ConsoleApplication2\ConsoleApplication2\Debug\bessel.obj
C:\Users\hannie\Documents\visual studio 2012\Project1\ConsoleApplication2\ConsoleApplication2\Debug\buffercnt.obj
C:\Users\hannie\Documents\visual studio 2012\Project1\ConsoleApplication2\ConsoleApplication2\Debug\dllmain.obj
C:\Users\hannie\Documents\visual studio 2012\Project1\ConsoleApplication2\ConsoleApplication2\Debug\spenhbuff.obj
C:\Users\hannie\Documents\visual studio 2012\Project1\ConsoleApplication2\ConsoleApplication2\Debug\stdafx.obj
C:\Users\hannie\Documents\visual studio 2012\Project1\ConsoleApplication2\ConsoleApplication2\Debug\cl.command.1.tlog
C:\Users\hannie\Documents\visual studio 2012\Project1\ConsoleApplication2\ConsoleApplication2\Debug\CL.read.1.tlog
C:\Users\hannie\Documents\visual studio 2012\Project1\ConsoleApplication2\ConsoleApplication2\Debug\CL.write.1.tlog
C:\Users\hannie\Documents\visual studio 2012\Project1\ConsoleApplication2\ConsoleApplication2\Debug\ConsoleApplication2.write.1.tlog
C:\Users\hannie\Documents\visual studio 2012\Project1\ConsoleApplication2\ConsoleApplication2\Debug\link-cvtres.read.1.tlog
C:\Users\hannie\Documents\visual studio 2012\Project1\ConsoleApplication2\ConsoleApplication2\Debug\link-cvtres.write.1.tlog
C:\Users\hannie\Documents\visual studio 2012\Project1\ConsoleApplication2\ConsoleApplication2\Debug\link-rc.read.1.tlog
C:\Users\hannie\Documents\visual studio 2012\Project1\ConsoleApplication2\ConsoleApplication2\Debug\link-rc.write.1.tlog
C:\Users\hannie\Documents\visual studio 2012\Project1\ConsoleApplication2\ConsoleApplication2\Debug\link.command.1.tlog
C:\Users\hannie\Documents\visual studio 2012\Project1\ConsoleApplication2\ConsoleApplication2\Debug\link.read.1.tlog
C:\Users\hannie\Documents\visual studio 2012\Project1\ConsoleApplication2\ConsoleApplication2\Debug\link.write.1.tlog
C:\Users\hannie\Documents\visual studio 2012\Project1\ConsoleApplication2\ConsoleApplication2\Debug\ConsoleApplication2.pch
C:\Users\hannie\Documents\visual studio 2012\Project1\ConsoleApplication2\ConsoleApplication2\Debug\vc110.idb
C:\Users\hannie\Documents\visual studio 2012\Project1\ConsoleApplication2\ConsoleApplication2\Debug\vc110.pdb
C:\Users\hannie\Documents\visual studio 2012\Project1\ConsoleApplication2\Debug\ConsoleApplication2.pdb
C:\Users\hannie\Documents\visual studio 2012\Project1\ConsoleApplication2\Debug\ConsoleApplication2.dll
C:\Users\hannie\Documents\visual studio 2012\Project1\ConsoleApplication2\Debug\ConsoleApplication2.ilk
